<?xml version="1.0" encoding="UTF-8"?>
<!-- Generated by org.testng.reporters.JUnitReportReporter -->
<testsuite hostname="Mesuts-16-MacBook-Pro.local" failures="0" tests="1" name="test.DiscountCodeTests" time="109.254" errors="0" timestamp="2022-09-07T17:26:38 CDT" skipped="0">
  <testcase classname="test.DiscountCodeTests" name="givenUserSubmitsInvalidDiscountCodeThenVerifyErrorMessageIsDisplayed" time="109.254"/>
  <system-out/>
</testsuite> <!-- test.DiscountCodeTests -->
